{
  "RSpec": {
    "coverage": {
      "/home/saasbook/git/HW5/config/environment.rb": [
        null,
        1,
        null,
        null,
        1
      ],
      "/home/saasbook/git/HW5/config/application.rb": [
        1,
        null,
        null,
        1,
        1,
        1,
        1,
        1,
        null,
        null,
        1,
        null,
        1,
        null,
        null,
        null,
        null,
        1,
        1,
        null,
        null,
        null,
        null,
        null,
        null,
        null,
        null,
        null,
        null,
        null,
        null,
        null,
        null,
        null,
        null,
        null,
        null,
        null,
        null,
        null,
        null,
        null,
        1,
        null,
        null,
        1,
        null,
        null,
        1,
        null,
        null,
        1,
        null,
        null
      ],
      "/home/saasbook/git/HW5/config/boot.rb": [
        1,
        null,
        null,
        1,
        null,
        1
      ],
      "/home/saasbook/git/HW5/config/environments/test.rb": [
        1,
        null,
        null,
        null,
        null,
        null,
        null,
        1,
        null,
        null,
        1,
        1,
        null,
        null,
        1,
        null,
        null,
        1,
        1,
        null,
        null,
        1,
        null,
        null,
        1,
        null,
        null,
        null,
        null,
        1,
        null,
        null,
        null,
        null,
        null,
        null,
        null,
        1,
        null,
        null,
        1,
        null
      ],
      "/home/saasbook/git/HW5/config/initializers/backtrace_silencers.rb": [
        null,
        null,
        null,
        null,
        null,
        null,
        null
      ],
      "/home/saasbook/git/HW5/config/initializers/inflections.rb": [
        null,
        null,
        null,
        null,
        null,
        null,
        null,
        null,
        null,
        null
      ],
      "/home/saasbook/git/HW5/config/initializers/mime_types.rb": [
        null,
        null,
        null,
        null,
        null
      ],
      "/home/saasbook/git/HW5/config/initializers/secret_token.rb": [
        null,
        null,
        null,
        null,
        null,
        null,
        1
      ],
      "/home/saasbook/git/HW5/config/initializers/session_store.rb": [
        null,
        null,
        1,
        null,
        null,
        null,
        null,
        null
      ],
      "/home/saasbook/git/HW5/config/initializers/wrap_parameters.rb": [
        null,
        null,
        null,
        null,
        null,
        null,
        1,
        1,
        null,
        null,
        null,
        1,
        1,
        null
      ],
      "/home/saasbook/git/HW5/app/controllers/application_controller.rb": [
        1,
        1,
        null
      ],
      "/home/saasbook/git/HW5/app/helpers/application_helper.rb": [
        1,
        null
      ],
      "/home/saasbook/git/HW5/app/helpers/movies_helper.rb": [
        1,
        null,
        1,
        0,
        null,
        null
      ],
      "/home/saasbook/git/HW5/app/controllers/movies_controller.rb": [
        1,
        null,
        1,
        0,
        0,
        null,
        null,
        null,
        null,
        1,
        null,
        7,
        7,
        4,
        4,
        null,
        3,
        3,
        0,
        0,
        null,
        null,
        null,
        null,
        null,
        null,
        1,
        4,
        null,
        4,
        1,
        1,
        null,
        3,
        3,
        null,
        null,
        null,
        1,
        0,
        0,
        null,
        0,
        null,
        0,
        null,
        null,
        0,
        0,
        null,
        0,
        0,
        null,
        null,
        0,
        0,
        0,
        0,
        null,
        0,
        null,
        null,
        1,
        null,
        null,
        null,
        1,
        0,
        0,
        0,
        null,
        null,
        1,
        0,
        null,
        null,
        1,
        0,
        0,
        0,
        0,
        null,
        null,
        1,
        0,
        0,
        0,
        0,
        null,
        null,
        null
      ],
      "/home/saasbook/git/HW5/app/models/movie.rb": [
        1,
        1,
        3,
        null,
        null,
        1,
        null,
        0,
        0,
        0,
        null,
        0,
        0,
        0,
        0,
        null,
        null,
        0,
        null,
        null,
        1,
        3,
        3,
        3,
        null,
        null,
        null,
        null
      ],
      "/home/saasbook/git/HW5/config/routes.rb": [
        1,
        1,
        null,
        1,
        null,
        1,
        1,
        1,
        null
      ],
      "/home/saasbook/git/HW5/spec/models/movie_spec.rb": [
        1,
        null,
        1,
        null,
        1,
        null,
        null,
        1,
        1,
        2,
        null,
        null,
        1,
        null,
        1,
        null,
        null,
        null,
        null,
        null,
        1,
        null,
        1,
        1,
        null,
        null,
        null,
        1,
        null,
        1,
        null,
        null,
        null,
        null
      ]
    },
    "timestamp": 1382552342
  }
}
